running 0 tests from ./main/mach_o.js
running 1 test from ./main/mach_o.js$9-14.js
file:///Users/jeffhykin/repos/deno_mach_o/main/mach_o.js$9-14.js ...
------- post-test output -------
{
  bits: 64,
  magic: 4277009103,
  cpu: { type: "arm64", subtype: "e", endian: "le" },
  filetype: "dylib",
  ncmds: 52,
  sizeofcmds: 3976,
  flags: {
    noundefs: true,
    dyldlink: true,
    twolevel: true,
    app_extension_safe: true
  },
  cmds: [
    {
      type: "segment_64",
      name: "__TEXT",
      vmaddr: 6625497088,
      vmsize: 8192,
      fileoff: 32,
      filesize: 8192,
      maxprot: { read: true, write: false, exec: true },
      initprot: { read: true, write: false, exec: true },
      nsects: 6,
      flags: {},
      sections: [
        {
          sectname: "__text",
          segname: "__TEXT",
          addr: 6625502460,
          size: 1552,
          offset: 5372,
          align: 2,
          reloff: 0,
          nreloc: 0,
          type: "regular",
          attributes: [Object],
          data: [Uint8Array]
        },
        {
          sectname: "__auth_stubs",
          segname: "__TEXT",
          addr: 6625504012,
          size: 976,
          offset: 6924,
          align: 2,
          reloff: 0,
          nreloc: 0,
          type: "symbol_stubs",
          attributes: [Object],
          data: [Uint8Array]
        },
        {
          sectname: "__init_offsets",
          segname: "__TEXT",
          addr: 6625504988,
          size: 4,
          offset: 7900,
          align: 2,
          reloff: 0,
          nreloc: 0,
          type: undefined,
          attributes: [Object],
          data: [Uint8Array]
        },
        {
          sectname: "__const",
          segname: "__TEXT",
          addr: 6625504992,
          size: 96,
          offset: 7904,
          align: 4,
          reloff: 0,
          nreloc: 0,
          type: "regular",
          attributes: [Object],
          data: [Uint8Array]
        },
        {
          sectname: "__cstring",
          segname: "__TEXT",
          addr: 6625505088,
          size: 91,
          offset: 8000,
          align: 0,
          reloff: 0,
          nreloc: 0,
          type: "cstring_literals",
          attributes: [Object],
          data: [Uint8Array]
        },
        {
          sectname: "__unwind_info",
          segname: "__TEXT",
          addr: 6625505180,
          size: 100,
          offset: 8092,
          align: 2,
          reloff: 0,
          nreloc: 0,
          type: "regular",
          attributes: [Object],
          data: [Uint8Array]
        }
      ]
    },
    {
      type: "segment_64",
      name: "__DATA_CONST",
      vmaddr: 7818325000,
      vmsize: 16,
      fileoff: 584,
      filesize: 16,
      maxprot: { read: true, write: true, exec: false },
      initprot: { read: true, write: true, exec: false },
      nsects: 1,
      flags: { fvmlib: true, noreloc: true },
      sections: [
        {
          sectname: "__got",
          segname: "__DATA_CONST",
          addr: 7818325000,
          size: 16,
          offset: 8192,
          align: 3,
          reloff: 0,
          nreloc: 0,
          type: "non_lazy_symbol_pointers",
          attributes: [Object],
          data: [Uint8Array]
        }
      ]
    },
    {
      type: "segment_64",
      name: "__AUTH_CONST",
      vmaddr: 7964462704,
      vmsize: 688,
      fileoff: 736,
      filesize: 688,
      maxprot: { read: true, write: true, exec: false },
      initprot: { read: true, write: true, exec: false },
      nsects: 2,
      flags: { fvmlib: true, noreloc: true },
      sections: [
        {
          sectname: "__const",
          segname: "__AUTH_CONST",
          addr: 7964462704,
          size: 200,
          offset: 8208,
          align: 3,
          reloff: 0,
          nreloc: 0,
          type: "regular",
          attributes: [Object],
          data: [Uint8Array]
        },
        {
          sectname: "__auth_got",
          segname: "__AUTH_CONST",
          addr: 7964462904,
          size: 488,
          offset: 8408,
          align: 3,
          reloff: 0,
          nreloc: 0,
          type: "non_lazy_symbol_pointers",
          attributes: [Object],
          data: [Uint8Array]
        }
      ]
    },
    {
      type: "segment_64",
      name: "__AUTH",
      vmaddr: 7938958944,
      vmsize: 8,
      fileoff: 968,
      filesize: 8,
      maxprot: { read: true, write: true, exec: false },
      initprot: { read: true, write: true, exec: false },
      nsects: 1,
      flags: {},
      sections: [
        {
          sectname: "__data",
          segname: "__AUTH",
          addr: 7938958944,
          size: 8,
          offset: 8896,
          align: 3,
          reloff: 0,
          nreloc: 0,
          type: "regular",
          attributes: [Object],
          data: [Uint8Array]
        }
      ]
    },
    {
      type: "segment_64",
      name: "__DATA",
      vmaddr: 7893251176,
      vmsize: 8,
      fileoff: 1120,
      filesize: 8,
      maxprot: { read: true, write: true, exec: false },
      initprot: { read: true, write: true, exec: false },
      nsects: 1,
      flags: { highvm: true },
      sections: [
        {
          sectname: "__common",
          segname: "__DATA",
          addr: 7893251176,
          size: 8,
          offset: 0,
          align: 3,
          reloff: 0,
          nreloc: 0,
          type: "zerofill",
          attributes: [Object],
          data: [Uint8Array]
        }
      ]
    },
    {
      type: "segment_64",
      name: "__LINKEDIT",
      vmaddr: 8923086848,
      vmsize: 4096,
      fileoff: 1272,
      filesize: 3672,
      maxprot: { read: true, write: false, exec: false },
      initprot: { read: true, write: false, exec: false },
      nsects: 0,
      flags: {},
      sections: []
    },
    {
      type: "id_dylib",
      name: "/usr/lib/libSystem.B.dylib",
      timestamp: 2,
      current_version: 85948417,
      compatibility_version: 65536,
      fileoff: 1344
    },
    {
      type: "dyld_exports_trie",
      dataoff: 0,
      datasize: 0,
      fileoff: 1400
    },
    {
      type: "symtab",
      symoff: 8928,
      nsyms: 84,
      stroff: 10768,
      strsize: 1816,
      fileoff: 1416
    },
    {
      type: "dysymtab",
      ilocalsym: 0,
      nlocalsym: 10,
      iextdefsym: 10,
      nextdefsym: 3,
      iundefsym: 13,
      nundefsym: 71,
      tocoff: 0,
      ntoc: 0,
      modtaboff: 0,
      nmodtab: 0,
      extrefsymoff: 0,
      nextrefsyms: 0,
      indirectsymoff: 10272,
      nindirectsyms: 124,
      extreloff: 0,
      nextrel: 0,
      locreloff: 0,
      nlocrel: 0,
      fileoff: 1440
    },
    {
      type: "uuid",
      data: Uint8Array(16) [
        146,  50, 193, 104, 110,
        202,  59, 125, 176, 129,
        231, 196, 107,  55, 152,
         54
      ],
      fileoff: 1520
    },
    {
      type: "build_version",
      data: Uint8Array(24) [
        1, 0,  0, 0, 0, 6,  12, 0,
        0, 6, 12, 0, 1, 0,   0, 0,
        3, 0,  0, 0, 0, 0, 248, 2
      ],
      fileoff: 1544
    },
    {
      type: "build_version",
      data: Uint8Array(24) [
        6, 0,  0, 0, 0, 7,  15, 0,
        0, 7, 15, 0, 1, 0,   0, 0,
        3, 0,  0, 0, 0, 0, 248, 2
      ],
      fileoff: 1576
    },
    {
      type: "source_version",
      data: Uint8Array(8) [
         0,  0, 16, 0,
        30, 31,  5, 0
      ],
      fileoff: 1608
    },
    {
      type: "reexport_dylib",
      data: Uint8Array(48) [
         24,  0,  0,   0,   2,   0,   0,   0,   0,   0,  85,
          0,  0,  0,   1,   0,  47, 117, 115, 114,  47, 108,
        105, 98, 47, 115, 121, 115, 116, 101, 109,  47, 108,
        105, 98, 99,  97,  99, 104, 101,  46, 100, 121, 108,
        105, 98,  0,   0
      ],
      fileoff: 1624
    },
    {
      type: "reexport_dylib",
      data: Uint8Array(56) [
         24,   0,   0,   0,   2,   0,   0,   0,   1, 100,  31,
        235,   0,   0,   1,   0,  47, 117, 115, 114,  47, 108,
        105,  98,  47, 115, 121, 115, 116, 101, 109,  47, 108,
        105,  98,  99, 111, 109, 109, 111, 110,  67, 114, 121,
        112, 116, 111,  46, 100, 121, 108, 105,  98,   0,   0,
          0
      ],
      fileoff: 1680
    },
    {
      type: "reexport_dylib",
      data: Uint8Array(56) [
         24,   0,  0,   0,   2,   0,   0,   0,   0,   1, 103,
          0,   0,  0,   1,   0,  47, 117, 115, 114,  47, 108,
        105,  98, 47, 115, 121, 115, 116, 101, 109,  47, 108,
        105,  98, 99, 111, 109, 112, 105, 108, 101, 114,  95,
        114, 116, 46, 100, 121, 108, 105,  98,   0,   0,   0,
          0
      ],
      fileoff: 1744
    },
    {
      type: "reexport_dylib",
      data: Uint8Array(56) [
         24,   0,   0,   0,   2,   0,   0,   0,   0,   0,   1,   0,
          0,   0,   1,   0,  47, 117, 115, 114,  47, 108, 105,  98,
         47, 115, 121, 115, 116, 101, 109,  47, 108, 105,  98,  99,
        111, 112, 121, 102, 105, 108, 101,  46, 100, 121, 108, 105,
         98,   0,   0,   0,   0,   0,   0,   0
      ],
      fileoff: 1808
    },
    {
      type: "reexport_dylib",
      data: Uint8Array(56) [
         24,  0,   0,   0,   2,   0,   0,   0,  10, 120, 194,
          4,  0,   0,   1,   0,  47, 117, 115, 114,  47, 108,
        105, 98,  47, 115, 121, 115, 116, 101, 109,  47, 108,
        105, 98,  99, 111, 114, 101,  99, 114, 121, 112, 116,
        111, 46, 100, 121, 108, 105,  98,   0,   0,   0,   0,
          0
      ],
      fileoff: 1872
    },
    {
      type: "reexport_dylib",
      data: Uint8Array(56) [
         24,   0,   0,   0,   2,   0,   0,   0,   2, 120,  45,   5,
          0,   0,   1,   0,  47, 117, 115, 114,  47, 108, 105,  98,
         47, 115, 121, 115, 116, 101, 109,  47, 108, 105,  98, 100,
        105, 115, 112,  97, 116,  99, 104,  46, 100, 121, 108, 105,
         98,   0,   0,   0,   0,   0,   0,   0
      ],
      fileoff: 1936
    },
    {
      type: "reexport_dylib",
      data: Uint8Array(48) [
         24,  0,   0,   0,   2,   0,   0,   0,   0,   0,   1,
          0,  0,   0,   1,   0,  47, 117, 115, 114,  47, 108,
        105, 98,  47, 115, 121, 115, 116, 101, 109,  47, 108,
        105, 98, 100, 121, 108, 100,  46, 100, 121, 108, 105,
         98,  0,   0,   0
      ],
      fileoff: 2000
    },
    {
      type: "reexport_dylib",
      data: Uint8Array(48) [
         24,   0,   0,   0,   2,   0,   0,   0,   0,   0,  31,
          0,   0,   0,   1,   0,  47, 117, 115, 114,  47, 108,
        105,  98,  47, 115, 121, 115, 116, 101, 109,  47, 108,
        105,  98, 107, 101, 121, 109, 103, 114,  46, 100, 121,
        108, 105,  98,   0
      ],
      fileoff: 2056
    },
    {
      type: "reexport_dylib",
      data: Uint8Array(48) [
         24,  0,   0,   0,   2,   0,   0,   0,   0,   0, 226,
          3,  0,   0,   1,   0,  47, 117, 115, 114,  47, 108,
        105, 98,  47, 115, 121, 115, 116, 101, 109,  47, 108,
        105, 98, 109,  97,  99, 104, 111,  46, 100, 121, 108,
        105, 98,   0,   0
      ],
      fileoff: 2112
    },
    {
      type: "reexport_dylib",
      data: Uint8Array(56) [
         24,  0,   0,   0,   2,   0,   0,   0,   2, 120, 133,
          0,  0,   0,   1,   0,  47, 117, 115, 114,  47, 108,
        105, 98,  47, 115, 121, 115, 116, 101, 109,  47, 108,
        105, 98, 113, 117,  97, 114,  97, 110, 116, 105, 110,
        101, 46, 100, 121, 108, 105,  98,   0,   0,   0,   0,
          0
      ],
      fileoff: 2168
    },
    {
      type: "reexport_dylib",
      data: Uint8Array(56) [
         24,  0,   0,   0,   2,   0,   0,   0,   0,   0,  60,
          0,  0,   0,   1,   0,  47, 117, 115, 114,  47, 108,
        105, 98,  47, 115, 121, 115, 116, 101, 109,  47, 108,
        105, 98, 114, 101, 109, 111, 118, 101, 102, 105, 108,
        101, 46, 100, 121, 108, 105,  98,   0,   0,   0,   0,
          0
      ],
      fileoff: 2232
    },
    {
      type: "reexport_dylib",
      data: Uint8Array(56) [
         24,  0,   0,   0,   2,   0,   0,   0,   2, 100, 136,
          1,  0,   0,   1,   0,  47, 117, 115, 114,  47, 108,
        105, 98,  47, 115, 121, 115, 116, 101, 109,  47, 108,
        105, 98, 115, 121, 115, 116, 101, 109,  95,  97, 115,
        108, 46, 100, 121, 108, 105,  98,   0,   0,   0,   0,
          0
      ],
      fileoff: 2296
    },
    {
      type: "reexport_dylib",
      data: Uint8Array(56) [
         24,  0,   0,   0,   2,   0,   0,   0,   0,  1,  79,
          0,  0,   0,   1,   0,  47, 117, 115, 114, 47, 108,
        105, 98,  47, 115, 121, 115, 116, 101, 109, 47, 108,
        105, 98, 115, 121, 115, 116, 101, 109,  95, 98, 108,
        111, 99, 107, 115,  46, 100, 121, 108, 105, 98,   0,
          0
      ],
      fileoff: 2360
    },
    {
      type: "reexport_dylib",
      data: Uint8Array(56) [
         24,   0,   0,   0,   2,   0,   0,   0,   9, 100, 227,   5,
          0,   0,   1,   0,  47, 117, 115, 114,  47, 108, 105,  98,
         47, 115, 121, 115, 116, 101, 109,  47, 108, 105,  98, 115,
        121, 115, 116, 101, 109,  95,  99,  46, 100, 121, 108, 105,
         98,   0,   0,   0,   0,   0,   0,   0
      ],
      fileoff: 2424
    },
    {
      type: "reexport_dylib",
      data: Uint8Array(64) [
         24,   0,   0,   0,   2,   0,   0,   0,   9, 100, 227,   5,
          0,   0,   1,   0,  47, 117, 115, 114,  47, 108, 105,  98,
         47, 115, 121, 115, 116, 101, 109,  47, 108, 105,  98, 115,
        121, 115, 116, 101, 109,  95,  99, 111, 108, 108, 101,  99,
        116, 105, 111, 110, 115,  46, 100, 121, 108, 105,  98,   0,
          0,   0,   0,   0
      ],
      fileoff: 2488
    },
    {
      type: "reexport_dylib",
      data: Uint8Array(64) [
         24,   0,   0,   0,   2,   0,   0,   0,   3, 140, 139,   4,
          0,   0,   1,   0,  47, 117, 115, 114,  47, 108, 105,  98,
         47, 115, 121, 115, 116, 101, 109,  47, 108, 105,  98, 115,
        121, 115, 116, 101, 109,  95,  99, 111, 110, 102, 105, 103,
        117, 114,  97, 116, 105, 111, 110,  46, 100, 121, 108, 105,
         98,   0,   0,   0
      ],
      fileoff: 2560
    },
    {
      type: "reexport_dylib",
      data: Uint8Array(72) [
         24,   0,   0,   0,   2,   0,   0,   0,   0,   0,   1,   0,
          0,   0,   1,   0,  47, 117, 115, 114,  47, 108, 105,  98,
         47, 115, 121, 115, 116, 101, 109,  47, 108, 105,  98, 115,
        121, 115, 116, 101, 109,  95,  99, 111, 110, 116,  97, 105,
        110, 101, 114, 109,  97, 110,  97, 103, 101, 114,  46, 100,
        121, 108, 105,  98,   0,   0,   0,   0,   0,   0,   0,   0
      ],
      fileoff: 2632
    },
    {
      type: "reexport_dylib",
      data: Uint8Array(64) [
         24,   0,   0,   0,   2,   0,   0,   0,   0,   0, 133,   0,
          0,   0,   1,   0,  47, 117, 115, 114,  47, 108, 105,  98,
         47, 115, 121, 115, 116, 101, 109,  47, 108, 105,  98, 115,
        121, 115, 116, 101, 109,  95,  99, 111, 114, 101, 115, 101,
        114, 118, 105,  99, 101, 115,  46, 100, 121, 108, 105,  98,
          0,   0,   0,   0
      ],
      fileoff: 2712
    },
    {
      type: "reexport_dylib",
      data: Uint8Array(56) [
         24,   0,   0,   0,   2,   0,   0,   0,   0,   0,   1,
          0,   0,   0,   1,   0,  47, 117, 115, 114,  47, 108,
        105,  98,  47, 115, 121, 115, 116, 101, 109,  47, 108,
        105,  98, 115, 121, 115, 116, 101, 109,  95, 100,  97,
        114, 119, 105, 110,  46, 100, 121, 108, 105,  98,   0,
          0
      ],
      fileoff: 2784
    },
    {
      type: "reexport_dylib",
      data: Uint8Array(56) [
         24,   0,   0,   0,   2,   0,   0,   0,   5, 140,  21,
          6,   0,   0,   1,   0,  47, 117, 115, 114,  47, 108,
        105,  98,  47, 115, 121, 115, 116, 101, 109,  47, 108,
        105,  98, 115, 121, 115, 116, 101, 109,  95, 100, 110,
        115, 115, 100,  46, 100, 121, 108, 105,  98,   0,   0,
          0
      ],
      fileoff: 2848
    },
    {
      type: "reexport_dylib",
      data: Uint8Array(64) [
         24,   0,   0,   0,   2,   0,   0,   0,   0,   0,  56,   0,
          0,   0,   1,   0,  47, 117, 115, 114,  47, 108, 105,  98,
         47, 115, 121, 115, 116, 101, 109,  47, 108, 105,  98, 115,
        121, 115, 116, 101, 109,  95, 102, 101,  97, 116, 117, 114,
        101, 102, 108,  97, 103, 115,  46, 100, 121, 108, 105,  98,
          0,   0,   0,   0
      ],
      fileoff: 2912
    },
    {
      type: "reexport_dylib",
      data: Uint8Array(56) [
         24,   0,   0,   0,   2,   0,   0,   0,   0,   0,   1,
          0,   0,   0,   1,   0,  47, 117, 115, 114,  47, 108,
        105,  98,  47, 115, 121, 115, 116, 101, 109,  47, 108,
        105,  98, 115, 121, 115, 116, 101, 109,  95, 105, 110,
        102, 111,  46, 100, 121, 108, 105,  98,   0,   0,   0,
          0
      ],
      fileoff: 2984
    },
    {
      type: "reexport_dylib",
      data: Uint8Array(56) [
         24,   0,   0,   0,   2,   0,   0,   0,   2,  80, 132,  12,
          0,   0,   1,   0,  47, 117, 115, 114,  47, 108, 105,  98,
         47, 115, 121, 115, 116, 101, 109,  47, 108, 105,  98, 115,
        121, 115, 116, 101, 109,  95, 109,  46, 100, 121, 108, 105,
         98,   0,   0,   0,   0,   0,   0,   0
      ],
      fileoff: 3048
    },
    {
      type: "reexport_dylib",
      data: Uint8Array(56) [
         24,   0,   0,   0,   2,   0,   0,   0,   1, 120, 118,
          1,   0,   0,   1,   0,  47, 117, 115, 114,  47, 108,
        105,  98,  47, 115, 121, 115, 116, 101, 109,  47, 108,
        105,  98, 115, 121, 115, 116, 101, 109,  95, 109,  97,
        108, 108, 111,  99,  46, 100, 121, 108, 105,  98,   0,
          0
      ],
      fileoff: 3112
    },
    {
      type: "reexport_dylib",
      data: Uint8Array(72) [
         24,   0,   0,   0,   2,   0,   0,   0,   0,   0,   1,   0,
          0,   0,   1,   0,  47, 117, 115, 114,  47, 108, 105,  98,
         47, 115, 121, 115, 116, 101, 109,  47, 108, 105,  98, 115,
        121, 115, 116, 101, 109,  95, 110, 101, 116, 119, 111, 114,
        107, 101, 120, 116, 101, 110, 115, 105, 111, 110,  46, 100,
        121, 108, 105,  98,   0,   0,   0,   0,   0,   0,   0,   0
      ],
      fileoff: 3176
    },
    {
      type: "reexport_dylib",
      data: Uint8Array(56) [
         24,   0,   0,   0,   2,   0,   0,   0,   0,   0,  45,
          1,   0,   0,   1,   0,  47, 117, 115, 114,  47, 108,
        105,  98,  47, 115, 121, 115, 116, 101, 109,  47, 108,
        105,  98, 115, 121, 115, 116, 101, 109,  95, 110, 111,
        116, 105, 102, 121,  46, 100, 121, 108, 105,  98,   0,
          0
      ],
      fileoff: 3256
    },
    {
      type: "reexport_dylib",
      data: Uint8Array(72) [
         24,   0,   0,   0,   2,   0,   0,   0,   0,   0,  10,   0,
          0,   0,   1,   0,  47, 117, 115, 114,  47, 108, 105,  98,
         47, 115, 121, 115, 116, 101, 109,  47, 108, 105,  98, 115,
        121, 115, 116, 101, 109,  95, 112, 114, 111, 100, 117,  99,
        116,  95, 105, 110, 102, 111,  95, 102, 105, 108, 116, 101,
        114,  46, 100, 121, 108, 105,  98,   0,   0,   0,   0,   0
      ],
      fileoff: 3320
    },
    {
      type: "reexport_dylib",
      data: Uint8Array(56) [
         24,   0,   0,   0,   2,   0,   0,   0,   5, 140, 121,
          6,   0,   0,   1,   0,  47, 117, 115, 114,  47, 108,
        105,  98,  47, 115, 121, 115, 116, 101, 109,  47, 108,
        105,  98, 115, 121, 115, 116, 101, 109,  95, 115,  97,
        110, 100,  98, 111, 120,  46, 100, 121, 108, 105,  98,
          0
      ],
      fileoff: 3400
    },
    {
      type: "reexport_dylib",
      data: Uint8Array(56) [
         24,   0,   0,   0,   2,   0,   0,   0,   5, 100, 107,
          0,   0,   0,   1,   0,  47, 117, 115, 114,  47, 108,
        105,  98,  47, 115, 121, 115, 116, 101, 109,  47, 108,
        105,  98, 115, 121, 115, 116, 101, 109,  95, 115, 101,
         99, 105, 110, 105, 116,  46, 100, 121, 108, 105,  98,
          0
      ],
      fileoff: 3464
    },
    {
      type: "reexport_dylib",
      data: Uint8Array(56) [
         24,   0,   0,   0,   2,   0,   0,   0,  49, 140,  84,
         31,   0,   0,   1,   0,  47, 117, 115, 114,  47, 108,
        105,  98,  47, 115, 121, 115, 116, 101, 109,  47, 108,
        105,  98, 115, 121, 115, 116, 101, 109,  95, 107, 101,
        114, 110, 101, 108,  46, 100, 121, 108, 105,  98,   0,
          0
      ],
      fileoff: 3528
    },
    {
      type: "reexport_dylib",
      data: Uint8Array(64) [
         24,   0,   0,   0,   2,   0,   0,   0,   5, 100,  17,   1,
          0,   0,   1,   0,  47, 117, 115, 114,  47, 108, 105,  98,
         47, 115, 121, 115, 116, 101, 109,  47, 108, 105,  98, 115,
        121, 115, 116, 101, 109,  95, 112, 108,  97, 116, 102, 111,
        114, 109,  46, 100, 121, 108, 105,  98,   0,   0,   0,   0,
          0,   0,   0,   0
      ],
      fileoff: 3592
    },
    {
      type: "reexport_dylib",
      data: Uint8Array(56) [
         24,   0,   0,   0,   2,   0,   0,   0,  11, 100, 230,
          1,   0,   0,   1,   0,  47, 117, 115, 114,  47, 108,
        105,  98,  47, 115, 121, 115, 116, 101, 109,  47, 108,
        105,  98, 115, 121, 115, 116, 101, 109,  95, 112, 116,
        104, 114, 101,  97, 100,  46, 100, 121, 108, 105,  98,
          0
      ],
      fileoff: 3664
    },
    {
      type: "reexport_dylib",
      data: Uint8Array(64) [
         24,   0,   0,   0,   2,   0,   0,   0,   0,   0,   1,   0,
          0,   0,   1,   0,  47, 117, 115, 114,  47, 108, 105,  98,
         47, 115, 121, 115, 116, 101, 109,  47, 108, 105,  98, 115,
        121, 115, 116, 101, 109,  95, 115, 121, 109, 112, 116, 111,
        109, 115,  46, 100, 121, 108, 105,  98,   0,   0,   0,   0,
          0,   0,   0,   0
      ],
      fileoff: 3728
    },
    {
      type: "reexport_dylib",
      data: Uint8Array(56) [
         24,  0,   0,   0,   2,   0,   0,   0,   2, 140,  95,
          5,  0,   0,   1,   0,  47, 117, 115, 114,  47, 108,
        105, 98,  47, 115, 121, 115, 116, 101, 109,  47, 108,
        105, 98, 115, 121, 115, 116, 101, 109,  95, 116, 114,
         97, 99, 101,  46, 100, 121, 108, 105,  98,   0,   0,
          0
      ],
      fileoff: 3800
    },
    {
      type: "reexport_dylib",
      data: Uint8Array(48) [
         24,   0,   0,   0,   2,   0,   0,   0,   0,   2,
        202,   0,   0,   0,   1,   0,  47, 117, 115, 114,
         47, 108, 105,  98,  47, 115, 121, 115, 116, 101,
        109,  47, 108, 105,  98, 117, 110, 119, 105, 110,
        100,  46, 100, 121, 108, 105,  98,   0
      ],
      fileoff: 3864
    },
    {
      type: "reexport_dylib",
      data: Uint8Array(48) [
         24,  0,   0,   0,   2,   0,   0,   0,   2, 140, 188,
          8,  0,   0,   1,   0,  47, 117, 115, 114,  47, 108,
        105, 98,  47, 115, 121, 115, 116, 101, 109,  47, 108,
        105, 98, 120, 112,  99,  46, 100, 121, 108, 105,  98,
          0,  0,   0,   0
      ],
      fileoff: 3920
    },
    {
      type: "function_starts",
      dataoff: 8912,
      datasize: 16,
      addresses: [ 5372, 5456, 5552, 6724, 6844, 6920 ],
      fileoff: 3976
    },
    { type: "data_in_code", dataoff: 8928, datasize: 0, fileoff: 3992 }
  ],
  hsize: 32
}
----- post-test output end -----
file:///Users/jeffhykin/repos/deno_mach_o/main/mach_o.js$9-14.js ... ok (6ms)

ok | 1 passed | 0 failed (23ms)

